# JRE version: Java(TM) SE Runtime Environment (8.0_25-b18) (build 1.8.0_25-b18)
# Java VM: Java HotSpot(TM) 64-Bit Server VM (25.25-b02 mixed mode windows-amd64 compressed oops)
Heap:
 PSYoungGen      total 61440K, used 3080K [0x00000000eab00000, 0x00000000ef300000, 0x0000000100000000)
  eden space 50688K, 0% used [0x00000000eab00000,0x00000000eab00000,0x00000000edc80000)
  from space 10752K, 28% used [0x00000000ee780000,0x00000000eea82340,0x00000000ef200000)
  to   space 11264K, 0% used [0x00000000edc80000,0x00000000edc80000,0x00000000ee780000)
 ParOldGen       total 60928K, used 7844K [0x00000000c0000000, 0x00000000c3b80000, 0x00000000eab00000)
  object space 60928K, 12% used [0x00000000c0000000,0x00000000c07a9210,0x00000000c3b80000)
 Metaspace       used 22642K, capacity 23154K, committed 23424K, reserved 1069056K
  class space    used 2975K, capacity 3131K, committed 3200K, reserved 1048576K
GC Heap History (10 events):
Event: 6.285 GC heap before
{Heap before GC invocations=4 (full 0):
 PSYoungGen      total 38400K, used 21984K [0x00000000eab00000, 0x00000000ed580000, 0x0000000100000000)
  eden space 33280K, 50% used [0x00000000eab00000,0x00000000ebb80168,0x00000000ecb80000)
  from space 5120K, 99% used [0x00000000ecb80000,0x00000000ed078020,0x00000000ed080000)
  to   space 5120K, 0% used [0x00000000ed080000,0x00000000ed080000,0x00000000ed580000)
 ParOldGen       total 87552K, used 4995K [0x00000000c0000000, 0x00000000c5580000, 0x00000000eab00000)
  object space 87552K, 5% used [0x00000000c0000000,0x00000000c04e0e10,0x00000000c5580000)
 Metaspace       used 20853K, capacity 21170K, committed 21296K, reserved 1067008K
  class space    used 2803K, capacity 2931K, committed 2944K, reserved 1048576K
Event: 6.303 GC heap after
Heap after GC invocations=4 (full 0):
 PSYoungGen      total 38400K, used 5092K [0x00000000eab00000, 0x00000000ed580000, 0x0000000100000000)
  eden space 33280K, 0% used [0x00000000eab00000,0x00000000eab00000,0x00000000ecb80000)
  from space 5120K, 99% used [0x00000000ed080000,0x00000000ed5790e0,0x00000000ed580000)
  to   space 5120K, 0% used [0x00000000ecb80000,0x00000000ecb80000,0x00000000ed080000)
 ParOldGen       total 87552K, used 7585K [0x00000000c0000000, 0x00000000c5580000, 0x00000000eab00000)
  object space 87552K, 8% used [0x00000000c0000000,0x00000000c0768538,0x00000000c5580000)
 Metaspace       used 20853K, capacity 21170K, committed 21296K, reserved 1067008K
  class space    used 2803K, capacity 2931K, committed 2944K, reserved 1048576K
}
Event: 6.304 GC heap before
{Heap before GC invocations=5 (full 1):
 PSYoungGen      total 38400K, used 5092K [0x00000000eab00000, 0x00000000ed580000, 0x0000000100000000)
  eden space 33280K, 0% used [0x00000000eab00000,0x00000000eab00000,0x00000000ecb80000)
  from space 5120K, 99% used [0x00000000ed080000,0x00000000ed5790e0,0x00000000ed580000)
  to   space 5120K, 0% used [0x00000000ecb80000,0x00000000ecb80000,0x00000000ed080000)
 ParOldGen       total 87552K, used 7585K [0x00000000c0000000, 0x00000000c5580000, 0x00000000eab00000)
  object space 87552K, 8% used [0x00000000c0000000,0x00000000c0768538,0x00000000c5580000)
 Metaspace       used 20853K, capacity 21170K, committed 21296K, reserved 1067008K
  class space    used 2803K, capacity 2931K, committed 2944K, reserved 1048576K
Event: 6.372 GC heap after
Heap after GC invocations=5 (full 1):
 PSYoungGen      total 38400K, used 0K [0x00000000eab00000, 0x00000000ed580000, 0x0000000100000000)
  eden space 33280K, 0% used [0x00000000eab00000,0x00000000eab00000,0x00000000ecb80000)
  from space 5120K, 0% used [0x00000000ed080000,0x00000000ed080000,0x00000000ed580000)
  to   space 5120K, 0% used [0x00000000ecb80000,0x00000000ecb80000,0x00000000ed080000)
 ParOldGen       total 60928K, used 7820K [0x00000000c0000000, 0x00000000c3b80000, 0x00000000eab00000)
  object space 60928K, 12% used [0x00000000c0000000,0x00000000c07a3210,0x00000000c3b80000)
 Metaspace       used 20851K, capacity 21168K, committed 21296K, reserved 1067008K
  class space    used 2802K, capacity 2930K, committed 2944K, reserved 1048576K
}
Event: 6.767 GC heap before
{Heap before GC invocations=6 (full 1):
 PSYoungGen      total 38400K, used 33280K [0x00000000eab00000, 0x00000000ed580000, 0x0000000100000000)
  eden space 33280K, 100% used [0x00000000eab00000,0x00000000ecb80000,0x00000000ecb80000)
  from space 5120K, 0% used [0x00000000ed080000,0x00000000ed080000,0x00000000ed580000)
  to   space 5120K, 0% used [0x00000000ecb80000,0x00000000ecb80000,0x00000000ed080000)
 ParOldGen       total 60928K, used 7820K [0x00000000c0000000, 0x00000000c3b80000, 0x00000000eab00000)
  object space 60928K, 12% used [0x00000000c0000000,0x00000000c07a3210,0x00000000c3b80000)
 Metaspace       used 21170K, capacity 21520K, committed 21760K, reserved 1069056K
  class space    used 2834K, capacity 2962K, committed 3072K, reserved 1048576K
Event: 6.772 GC heap after
Heap after GC invocations=6 (full 1):
 PSYoungGen      total 38400K, used 660K [0x00000000eab00000, 0x00000000ef200000, 0x0000000100000000)
  eden space 33280K, 0% used [0x00000000eab00000,0x00000000eab00000,0x00000000ecb80000)
  from space 5120K, 12% used [0x00000000ecb80000,0x00000000ecc25118,0x00000000ed080000)
  to   space 10752K, 0% used [0x00000000ee780000,0x00000000ee780000,0x00000000ef200000)
 ParOldGen       total 60928K, used 7828K [0x00000000c0000000, 0x00000000c3b80000, 0x00000000eab00000)
  object space 60928K, 12% used [0x00000000c0000000,0x00000000c07a5210,0x00000000c3b80000)
 Metaspace       used 21170K, capacity 21520K, committed 21760K, reserved 1069056K
  class space    used 2834K, capacity 2962K, committed 3072K, reserved 1048576K
}
Event: 7.023 GC heap before
{Heap before GC invocations=7 (full 1):
 PSYoungGen      total 38400K, used 33940K [0x00000000eab00000, 0x00000000ef200000, 0x0000000100000000)
  eden space 33280K, 100% used [0x00000000eab00000,0x00000000ecb80000,0x00000000ecb80000)
  from space 5120K, 12% used [0x00000000ecb80000,0x00000000ecc25118,0x00000000ed080000)
  to   space 10752K, 0% used [0x00000000ee780000,0x00000000ee780000,0x00000000ef200000)
 ParOldGen       total 60928K, used 7828K [0x00000000c0000000, 0x00000000c3b80000, 0x00000000eab00000)
  object space 60928K, 12% used [0x00000000c0000000,0x00000000c07a5210,0x00000000c3b80000)
 Metaspace       used 21211K, capacity 21584K, committed 21760K, reserved 1069056K
  class space    used 2834K, capacity 2962K, committed 3072K, reserved 1048576K
Event: 7.026 GC heap after
Heap after GC invocations=7 (full 1):
 PSYoungGen      total 61440K, used 656K [0x00000000eab00000, 0x00000000ef300000, 0x0000000100000000)
  eden space 50688K, 0% used [0x00000000eab00000,0x00000000eab00000,0x00000000edc80000)
  from space 10752K, 6% used [0x00000000ee780000,0x00000000ee824030,0x00000000ef200000)
  to   space 11264K, 0% used [0x00000000edc80000,0x00000000edc80000,0x00000000ee780000)
 ParOldGen       total 60928K, used 7836K [0x00000000c0000000, 0x00000000c3b80000, 0x00000000eab00000)
  object space 60928K, 12% used [0x00000000c0000000,0x00000000c07a7210,0x00000000c3b80000)
 Metaspace       used 21211K, capacity 21584K, committed 21760K, reserved 1069056K
  class space    used 2834K, capacity 2962K, committed 3072K, reserved 1048576K
}
Event: 7.312 GC heap before
{Heap before GC invocations=8 (full 1):
 PSYoungGen      total 61440K, used 51344K [0x00000000eab00000, 0x00000000ef300000, 0x0000000100000000)
  eden space 50688K, 100% used [0x00000000eab00000,0x00000000edc80000,0x00000000edc80000)
  from space 10752K, 6% used [0x00000000ee780000,0x00000000ee824030,0x00000000ef200000)
  to   space 11264K, 0% used [0x00000000edc80000,0x00000000edc80000,0x00000000ee780000)
 ParOldGen       total 60928K, used 7836K [0x00000000c0000000, 0x00000000c3b80000, 0x00000000eab00000)
  object space 60928K, 12% used [0x00000000c0000000,0x00000000c07a7210,0x00000000c3b80000)
 Metaspace       used 21212K, capacity 21584K, committed 21760K, reserved 1069056K
  class space    used 2834K, capacity 2962K, committed 3072K, reserved 1048576K
Event: 7.315 GC heap after
Heap after GC invocations=8 (full 1):
 PSYoungGen      total 61952K, used 880K [0x00000000eab00000, 0x00000000ef300000, 0x0000000100000000)
  eden space 50688K, 0% used [0x00000000eab00000,0x00000000eab00000,0x00000000edc80000)
  from space 11264K, 7% used [0x00000000edc80000,0x00000000edd5c030,0x00000000ee780000)
  to   space 10752K, 0% used [0x00000000ee780000,0x00000000ee780000,0x00000000ef200000)
 ParOldGen       total 60928K, used 7836K [0x00000000c0000000, 0x00000000c3b80000, 0x00000000eab00000)
  object space 60928K, 12% used [0x00000000c0000000,0x00000000c07a7210,0x00000000c3b80000)
 Metaspace       used 21212K, capacity 21584K, committed 21760K, reserved 1069056K
  class space    used 2834K, capacity 2962K, committed 3072K, reserved 1048576K
}

